<?xml version="1.0" encoding="UTF-8"?>
<!-- Generated by org.testng.reporters.JUnitReportReporter -->
<testsuite skipped="0" hostname="LAPTOP-7FV8CN9S" name="practiceselenium.AmazonTestCases" tests="1" failures="0" timestamp="02 Jul 2020 17:26:40 GMT" time="7.731" errors="0">
  <testcase name="testPdf" time="7.731" classname="practiceselenium.AmazonTestCases"/>
</testsuite> <!-- practiceselenium.AmazonTestCases -->
