<?xml version="1.0" encoding="UTF-8"?>
<!-- Generated by org.testng.reporters.JUnitReportReporter -->
<testsuite skipped="0" hostname="Siku-PC" name="PracticeJava.TestNewAnnotation2" tests="4" failures="0" timestamp="12 Jul 2019 10:05:19 GMT" time="0.026" errors="0">
  <testcase name="testCaseSuper" time="0.007" classname="PracticeJava.TestNewAnnotation2"/>
  <testcase name="testCase2" time="0.004" classname="PracticeJava.TestNewAnnotation2"/>
  <testcase name="testCase1" time="0.005" classname="PracticeJava.TestNewAnnotation2"/>
  <testcase name="testCaseSub" time="0.010" classname="PracticeJava.TestNewAnnotation2"/>
</testsuite> <!-- PracticeJava.TestNewAnnotation2 -->
