<?xml version="1.0" encoding="UTF-8"?>
<!-- Generated by org.testng.reporters.JUnitReportReporter -->
<testsuite skipped="2" hostname="Siku-PC" name="Practice.OccuranceOfEachCharacter" tests="3" failures="0" timestamp="08 Jul 2019 15:10:49 GMT" time="0.020" errors="0">
  <testcase name="occuranceOfString" time="0.020" classname="Practice.OccuranceOfEachCharacter"/>
  <testcase name="occurance" classname="Practice.OccuranceOfEachCharacter">
    <skipped/>
  </testcase> <!-- occurance -->
  <testcase name="main" classname="Practice.OccuranceOfEachCharacter">
    <skipped/>
  </testcase> <!-- main -->
</testsuite> <!-- Practice.OccuranceOfEachCharacter -->
