<?xml version="1.0" encoding="UTF-8"?>
<!-- Generated by org.testng.reporters.JUnitReportReporter -->
<testsuite skipped="0" hostname="Siku-PC" name="Practice.TestNewAnnotation2" tests="4" failures="0" timestamp="08 Jun 2019 15:52:42 GMT" time="0.021" errors="0">
  <testcase name="testCase1" time="0.007" classname="Practice.TestNewAnnotation2"/>
  <testcase name="testCase2" time="0.003" classname="Practice.TestNewAnnotation2"/>
  <testcase name="testCaseSub" time="0.002" classname="Practice.TestNewAnnotation2"/>
  <testcase name="testCaseSuper" time="0.009" classname="Practice.TestNewAnnotation2"/>
</testsuite> <!-- Practice.TestNewAnnotation2 -->
