<?xml version="1.0" encoding="UTF-8"?>
<!-- Generated by org.testng.reporters.JUnitReportReporter -->
<testsuite skipped="2" hostname="LAPTOP-7FV8CN9S" name="PracticeJava.MaxMinInGivenArray" tests="3" failures="0" timestamp="26 Jun 2020 17:16:03 GMT" time="0.012" errors="0">
  <testcase name="usingArray" time="0.012" classname="PracticeJava.MaxMinInGivenArray"/>
  <testcase name="usingForLoop" classname="PracticeJava.MaxMinInGivenArray">
    <skipped/>
  </testcase> <!-- usingForLoop -->
  <testcase name="usingCollection" classname="PracticeJava.MaxMinInGivenArray">
    <skipped/>
  </testcase> <!-- usingCollection -->
</testsuite> <!-- PracticeJava.MaxMinInGivenArray -->
