<?xml version="1.0" encoding="UTF-8"?>
<!-- Generated by org.testng.reporters.JUnitReportReporter -->
<testsuite skipped="0" hostname="LAPTOP-7FV8CN9S" name="PracticeJava.FindingAllReg" tests="3" failures="0" timestamp="23 Jun 2020 08:49:06 GMT" time="0.019" errors="0">
  <testcase name="findingAll" time="0.013" classname="PracticeJava.FindingAllReg"/>
  <testcase name="findAllCharactesInString" time="0.003" classname="PracticeJava.FindingAllReg"/>
  <testcase name="usingRegx" time="0.003" classname="PracticeJava.FindingAllReg"/>
</testsuite> <!-- PracticeJava.FindingAllReg -->
