<?xml version="1.0" encoding="UTF-8"?>
<!-- Generated by org.testng.reporters.JUnitReportReporter -->
<testsuite skipped="2" hostname="Siku-PC" name="Practice.RemoveDuplicates" tests="3" failures="0" timestamp="10 Jul 2019 16:58:31 GMT" time="0.016" errors="0">
  <testcase name="usingForLoop" time="0.016" classname="Practice.RemoveDuplicates"/>
  <testcase name="usingArraysSort" classname="Practice.RemoveDuplicates">
    <skipped/>
  </testcase> <!-- usingArraysSort -->
  <testcase name="usingSet" classname="Practice.RemoveDuplicates">
    <skipped/>
  </testcase> <!-- usingSet -->
</testsuite> <!-- Practice.RemoveDuplicates -->
