<?xml version="1.0" encoding="UTF-8"?>
<!-- Generated by org.testng.reporters.JUnitReportReporter -->
<testsuite skipped="0" hostname="LAPTOP-7FV8CN9S" name="Runner.RunTest" tests="1" failures="0" timestamp="30 Jun 2020 05:43:16 GMT" time="24.301" errors="0">
  <testcase name="runScenario" time="24.301" classname="Runner.RunTest"/>
</testsuite> <!-- Runner.RunTest -->
