<?xml version="1.0" encoding="UTF-8"?>
<!-- Generated by org.testng.reporters.JUnitReportReporter -->
<testsuite skipped="2" hostname="Siku-PC" name="Practice.FindingAllReg" tests="3" failures="0" timestamp="29 Jun 2019 04:46:08 GMT" time="0.013" errors="0">
  <testcase name="findingAll" time="0.013" classname="Practice.FindingAllReg"/>
  <testcase name="usingRegx" classname="Practice.FindingAllReg">
    <skipped/>
  </testcase> <!-- usingRegx -->
  <testcase name="findAllCharactesInString" classname="Practice.FindingAllReg">
    <skipped/>
  </testcase> <!-- findAllCharactesInString -->
</testsuite> <!-- Practice.FindingAllReg -->
