<?xml version="1.0" encoding="UTF-8"?>
<!-- Generated by org.testng.reporters.JUnitReportReporter -->
<testsuite skipped="0" hostname="Siku-PC" name="Practice.TestNewAnnotation$test" tests="2" failures="0" timestamp="07 Jun 2019 16:42:52 GMT" time="0.000" errors="0">
  <testcase name="testCase1" time="0.000" classname="Practice.TestNewAnnotation$test"/>
  <testcase name="testCase2" time="0.000" classname="Practice.TestNewAnnotation$test"/>
</testsuite> <!-- Practice.TestNewAnnotation$test -->
