<?xml version="1.0" encoding="UTF-8"?>
<!-- Generated by org.testng.reporters.JUnitReportReporter -->
<testsuite skipped="2" hostname="Siku-PC" name="Practice.FileReading" tests="3" failures="0" timestamp="03 Jul 2019 08:47:47 GMT" time="0.033" errors="0">
  <testcase name="readUsingScanner" time="0.033" classname="Practice.FileReading"/>
  <testcase name="readUsingBuffer" classname="Practice.FileReading">
    <skipped/>
  </testcase> <!-- readUsingBuffer -->
  <testcase name="readUsingReader" classname="Practice.FileReading">
    <skipped/>
  </testcase> <!-- readUsingReader -->
</testsuite> <!-- Practice.FileReading -->
