<?xml version="1.0" encoding="UTF-8"?>
<!-- Generated by org.testng.reporters.JUnitReportReporter -->
<testsuite skipped="0" hostname="LAPTOP-7FV8CN9S" name="PracticeJava.ArmstrongNumber" tests="1" failures="0" timestamp="25 Jun 2020 16:34:15 GMT" time="0.012" errors="0">
  <testcase name="arm1" time="0.012" classname="PracticeJava.ArmstrongNumber"/>
</testsuite> <!-- PracticeJava.ArmstrongNumber -->
