<?xml version="1.0" encoding="UTF-8"?>
<!-- Generated by org.testng.reporters.JUnitReportReporter -->
<testsuite skipped="0" hostname="LAPTOP-7FV8CN9S" name="week5.day2dataprovider.CreateLeadUsingMethod" tests="2" failures="0" timestamp="14 Jul 2020 14:05:54 GMT" time="25.824" errors="0">
  <testcase name="runCreateLead" time="13.575" classname="week5.day2dataprovider.CreateLeadUsingMethod"/>
  <testcase name="runCreateLead" time="12.249" classname="week5.day2dataprovider.CreateLeadUsingMethod"/>
</testsuite> <!-- week5.day2dataprovider.CreateLeadUsingMethod -->
