<?xml version="1.0" encoding="UTF-8"?>
<!-- Generated by org.testng.reporters.JUnitReportReporter -->
<testsuite skipped="2" hostname="Siku-PC" name="PracticeJava.OccuranceOfCharacter" tests="3" failures="0" timestamp="24 Jul 2019 04:06:41 GMT" time="0.018" errors="0">
  <testcase name="main" time="0.018" classname="PracticeJava.OccuranceOfCharacter"/>
  <testcase name="occurance" classname="PracticeJava.OccuranceOfCharacter">
    <skipped/>
  </testcase> <!-- occurance -->
  <testcase name="occuranceOfString" classname="PracticeJava.OccuranceOfCharacter">
    <skipped/>
  </testcase> <!-- occuranceOfString -->
</testsuite> <!-- PracticeJava.OccuranceOfCharacter -->
