<?xml version="1.0" encoding="UTF-8"?>
<!-- Generated by org.testng.reporters.JUnitReportReporter -->
<testsuite skipped="3" hostname="Siku-PC" name="PracticeJava.RemoveDuplicates" tests="4" failures="0" timestamp="14 Jul 2019 14:01:45 GMT" time="0.018" errors="0">
  <testcase name="usingSet" time="0.018" classname="PracticeJava.RemoveDuplicates"/>
  <testcase name="usingArraysSort" classname="PracticeJava.RemoveDuplicates">
    <skipped/>
  </testcase> <!-- usingArraysSort -->
  <testcase name="usingForLoop" classname="PracticeJava.RemoveDuplicates">
    <skipped/>
  </testcase> <!-- usingForLoop -->
  <testcase name="using" classname="PracticeJava.RemoveDuplicates">
    <skipped/>
  </testcase> <!-- using -->
</testsuite> <!-- PracticeJava.RemoveDuplicates -->
