<?xml version="1.0" encoding="UTF-8"?>
<!-- Generated by org.testng.reporters.JUnitReportReporter -->
<testsuite skipped="1" hostname="LAPTOP-7FV8CN9S" name="practiceselenium.Intersection" tests="3" failures="0" timestamp="12 Jul 2020 07:42:22 GMT" time="0.003" errors="0">
  <testcase name="intersectionBetweenArrays" time="0.002" classname="practiceselenium.Intersection"/>
  <testcase name="intersectionUsingSet" time="0.001" classname="practiceselenium.Intersection"/>
  <testcase name="test" classname="practiceselenium.Intersection">
    <skipped/>
  </testcase> <!-- test -->
</testsuite> <!-- practiceselenium.Intersection -->
