<?xml version="1.0" encoding="UTF-8"?>
<!-- Generated by org.testng.reporters.JUnitReportReporter -->
<testsuite skipped="0" hostname="Siku-PC" name="testleaf.java.PrintingTriangle" tests="1" failures="0" timestamp="26 Jun 2019 04:21:47 GMT" time="0.017" errors="0">
  <testcase name="printingStar" time="0.017" classname="testleaf.java.PrintingTriangle"/>
</testsuite> <!-- testleaf.java.PrintingTriangle -->
