<?xml version="1.0" encoding="UTF-8"?>
<!-- Generated by org.testng.reporters.JUnitReportReporter -->
<testsuite skipped="0" hostname="LAPTOP-7FV8CN9S" name="practiceselenium.PdfTestCases" tests="1" failures="0" timestamp="15 Jul 2020 04:09:00 GMT" time="6.634" errors="0">
  <testcase name="testPdf" time="6.634" classname="practiceselenium.PdfTestCases"/>
</testsuite> <!-- practiceselenium.PdfTestCases -->
