<?xml version="1.0" encoding="UTF-8"?>
<!-- Generated by org.testng.reporters.JUnitReportReporter -->
<testsuite skipped="0" hostname="LAPTOP-7FV8CN9S" name="practiceselenium.DateSelection" tests="1" failures="0" timestamp="15 Jul 2020 04:09:00 GMT" time="10.798" errors="0">
  <testcase name="selectDate" time="10.798" classname="practiceselenium.DateSelection"/>
</testsuite> <!-- practiceselenium.DateSelection -->
