<?xml version="1.0" encoding="UTF-8"?>
<!-- Generated by org.testng.reporters.JUnitReportReporter -->
<testsuite skipped="1" hostname="Siku-PC" name="Practice.MissingElement" tests="2" failures="0" timestamp="02 Jul 2019 10:15:03 GMT" time="0.014" errors="0">
  <testcase name="missingElementAnother" time="0.014" classname="Practice.MissingElement"/>
  <testcase name="missingElement" classname="Practice.MissingElement">
    <skipped/>
  </testcase> <!-- missingElement -->
</testsuite> <!-- Practice.MissingElement -->
