<?xml version="1.0" encoding="UTF-8"?>
<!-- Generated by org.testng.reporters.JUnitReportReporter -->
<testsuite skipped="0" hostname="LAPTOP-7FV8CN9S" name="PracticeJava.TestNewAnnotation$test" tests="2" failures="0" timestamp="02 Jul 2020 17:34:27 GMT" time="0.003" errors="0">
  <testcase name="testCase1" time="0.001" classname="PracticeJava.TestNewAnnotation$test"/>
  <testcase name="testCase2" time="0.002" classname="PracticeJava.TestNewAnnotation$test"/>
</testsuite> <!-- PracticeJava.TestNewAnnotation$test -->
