<?xml version="1.0" encoding="UTF-8"?>
<!-- Generated by org.testng.reporters.JUnitReportReporter -->
<testsuite skipped="1" hostname="LAPTOP-7FV8CN9S" name="practiceselenium.PrintingTriangle" tests="2" failures="0" timestamp="12 Jul 2020 07:42:22 GMT" time="0.002" errors="0">
  <testcase name="printingReversedStar" time="0.002" classname="practiceselenium.PrintingTriangle"/>
  <testcase name="printingStar" classname="practiceselenium.PrintingTriangle">
    <skipped/>
  </testcase> <!-- printingStar -->
</testsuite> <!-- practiceselenium.PrintingTriangle -->
