<?xml version="1.0" encoding="UTF-8"?>
<!-- Generated by org.testng.reporters.JUnitReportReporter -->
<testsuite skipped="0" hostname="Siku-PC" name="PracticeJava.MissingElement" tests="3" failures="0" timestamp="14 Jul 2019 18:56:01 GMT" time="0.017" errors="0">
  <testcase name="missingElement" time="0.013" classname="PracticeJava.MissingElement"/>
  <testcase name="missingElementAnother" time="0.002" classname="PracticeJava.MissingElement"/>
  <testcase name="expected" time="0.002" classname="PracticeJava.MissingElement"/>
</testsuite> <!-- PracticeJava.MissingElement -->
