<?xml version="1.0" encoding="UTF-8"?>
<!-- Generated by org.testng.reporters.JUnitReportReporter -->
<testsuite skipped="2" hostname="Siku-PC" name="testleaf.java.SwapingWithoutVarible" tests="3" failures="0" timestamp="26 Jun 2019 04:55:34 GMT" time="0.021" errors="0">
  <testcase name="swapingWithout3rdVarible" time="0.021" classname="testleaf.java.SwapingWithoutVarible"/>
  <testcase name="swapingWithout3Varible" classname="testleaf.java.SwapingWithoutVarible">
    <skipped/>
  </testcase> <!-- swapingWithout3Varible -->
  <testcase name="swapingWithoutTempVarible" classname="testleaf.java.SwapingWithoutVarible">
    <skipped/>
  </testcase> <!-- swapingWithoutTempVarible -->
</testsuite> <!-- testleaf.java.SwapingWithoutVarible -->
