<?xml version="1.0" encoding="UTF-8"?>
<!-- Generated by org.testng.reporters.JUnitReportReporter -->
<testsuite skipped="1" hostname="Siku-PC" name="testleaf.java.Intersection" tests="3" failures="0" timestamp="03 Jul 2019 03:49:27 GMT" time="0.019" errors="0">
  <testcase name="intersectionBetweenArrays" time="0.016" classname="testleaf.java.Intersection"/>
  <testcase name="intersectionUsingSet" time="0.003" classname="testleaf.java.Intersection"/>
  <testcase name="test" classname="testleaf.java.Intersection">
    <skipped/>
  </testcase> <!-- test -->
</testsuite> <!-- testleaf.java.Intersection -->
