<?xml version="1.0" encoding="UTF-8"?>
<!-- Generated by org.testng.reporters.JUnitReportReporter -->
<testsuite skipped="2" hostname="Siku-PC" name="Practice.FindingAll" tests="3" failures="0" timestamp="29 Jun 2019 04:06:00 GMT" time="0.019" errors="0">
  <testcase name="usingRegx" time="0.019" classname="Practice.FindingAll"/>
  <testcase name="findingAll" classname="Practice.FindingAll">
    <skipped/>
  </testcase> <!-- findingAll -->
  <testcase name="findAllCharactesInString" classname="Practice.FindingAll">
    <skipped/>
  </testcase> <!-- findAllCharactesInString -->
</testsuite> <!-- Practice.FindingAll -->
