<?xml version="1.0" encoding="UTF-8"?>
<!-- Generated by org.testng.reporters.JUnitReportReporter -->
<testsuite skipped="2" hostname="Siku-PC" name="testleaf.java.OccuranceOfCharacter" tests="3" failures="0" timestamp="02 Jul 2019 12:46:32 GMT" time="0.016" errors="0">
  <testcase name="occuranceOfString" time="0.016" classname="testleaf.java.OccuranceOfCharacter"/>
  <testcase name="main" classname="testleaf.java.OccuranceOfCharacter">
    <skipped/>
  </testcase> <!-- main -->
  <testcase name="occurance" classname="testleaf.java.OccuranceOfCharacter">
    <skipped/>
  </testcase> <!-- occurance -->
</testsuite> <!-- testleaf.java.OccuranceOfCharacter -->
