<?xml version="1.0" encoding="UTF-8"?>
<!-- Generated by org.testng.reporters.JUnitReportReporter -->
<testsuite skipped="2" hostname="Siku-PC" name="testleaf.java.RemoveDuplicates" tests="3" failures="0" timestamp="01 Jul 2019 13:15:37 GMT" time="0.015" errors="0">
  <testcase name="usingArraysSort" time="0.015" classname="testleaf.java.RemoveDuplicates"/>
  <testcase name="usingForLoop" classname="testleaf.java.RemoveDuplicates">
    <skipped/>
  </testcase> <!-- usingForLoop -->
  <testcase name="usingSet" classname="testleaf.java.RemoveDuplicates">
    <skipped/>
  </testcase> <!-- usingSet -->
</testsuite> <!-- testleaf.java.RemoveDuplicates -->
