<?xml version="1.0" encoding="UTF-8"?>
<!-- Generated by org.testng.reporters.JUnitReportReporter -->
<testsuite skipped="0" hostname="Siku-PC" name="Practice.BaseTestAnnotation$test" tests="2" failures="0" timestamp="07 Jun 2019 16:42:52 GMT" time="0.031" errors="0">
  <testcase name="testCase1" time="0.015" classname="Practice.BaseTestAnnotation$test"/>
  <testcase name="testCase2" time="0.016" classname="Practice.BaseTestAnnotation$test"/>
</testsuite> <!-- Practice.BaseTestAnnotation$test -->
