<?xml version="1.0" encoding="UTF-8"?>
<!-- Generated by org.testng.reporters.JUnitReportReporter -->
<testsuite skipped="1" hostname="Siku-PC" name="Practice.Pollindrome" tests="2" failures="0" timestamp="29 Jun 2019 03:46:25 GMT" time="0.015" errors="0">
  <testcase name="useMath" time="0.015" classname="Practice.Pollindrome"/>
  <testcase name="usingStr" classname="Practice.Pollindrome">
    <skipped/>
  </testcase> <!-- usingStr -->
</testsuite> <!-- Practice.Pollindrome -->
