<?xml version="1.0" encoding="UTF-8"?>
<!-- Generated by org.testng.reporters.JUnitReportReporter -->
<testsuite skipped="0" hostname="LAPTOP-7FV8CN9S" name="practiceselenium.CognizantDateSelection" tests="1" failures="0" timestamp="12 Jul 2020 07:42:22 GMT" time="9.995" errors="0">
  <testcase name="selectDate" time="9.995" classname="practiceselenium.CognizantDateSelection"/>
</testsuite> <!-- practiceselenium.CognizantDateSelection -->
