<?xml version="1.0" encoding="UTF-8"?>
<!-- Generated by org.testng.reporters.JUnitReportReporter -->
<testsuite skipped="0" hostname="Siku-PC" name="testleaf.java.MaxMinInGivenArray" tests="3" failures="0" timestamp="24 Jun 2019 17:48:19 GMT" time="0.027" errors="0">
  <testcase name="usingCollection" time="0.006" classname="testleaf.java.MaxMinInGivenArray"/>
  <testcase name="usingForLoop" time="0.004" classname="testleaf.java.MaxMinInGivenArray"/>
  <testcase name="usingArray" time="0.017" classname="testleaf.java.MaxMinInGivenArray"/>
</testsuite> <!-- testleaf.java.MaxMinInGivenArray -->
