<?xml version="1.0" encoding="UTF-8"?>
<!-- Generated by org.testng.reporters.JUnitReportReporter -->
<testsuite skipped="2" hostname="Siku-PC" name="Practice.OccuranceOfCharacter" tests="3" failures="0" timestamp="27 Jun 2019 07:20:20 GMT" time="0.017" errors="0">
  <testcase name="occuranceOfString" time="0.017" classname="Practice.OccuranceOfCharacter"/>
  <testcase name="main" classname="Practice.OccuranceOfCharacter">
    <skipped/>
  </testcase> <!-- main -->
  <testcase name="occurance" classname="Practice.OccuranceOfCharacter">
    <skipped/>
  </testcase> <!-- occurance -->
</testsuite> <!-- Practice.OccuranceOfCharacter -->
