<?xml version="1.0" encoding="UTF-8"?>
<!-- Generated by org.testng.reporters.JUnitReportReporter -->
<testsuite skipped="0" hostname="LAPTOP-7FV8CN9S" name="PracticeJava.ReverseString" tests="3" failures="0" timestamp="08 Jul 2020 10:52:21 GMT" time="0.020" errors="0">
  <testcase name="reverseUsingCharacter" time="0.009" classname="PracticeJava.ReverseString"/>
  <testcase name="reverseUsingStringBuilder" time="0.009" classname="PracticeJava.ReverseString"/>
  <testcase name="reverseUsingCharAt" time="0.002" classname="PracticeJava.ReverseString"/>
</testsuite> <!-- PracticeJava.ReverseString -->
