<?xml version="1.0" encoding="UTF-8"?>
<!-- Generated by org.testng.reporters.JUnitReportReporter -->
<testsuite skipped="0" hostname="Siku-PC" name="testleaf.java.FibonacciSeries" tests="2" failures="0" timestamp="24 Jun 2019 14:50:01 GMT" time="0.023" errors="0">
  <testcase name="Series" time="0.019" classname="testleaf.java.FibonacciSeries"/>
  <testcase name="fibonacciSeries" time="0.004" classname="testleaf.java.FibonacciSeries"/>
</testsuite> <!-- testleaf.java.FibonacciSeries -->
