<?xml version="1.0" encoding="UTF-8"?>
<!-- Generated by org.testng.reporters.JUnitReportReporter -->
<testsuite skipped="1" hostname="LAPTOP-7FV8CN9S" name="PracticeJava.Pollindrome" tests="2" failures="0" timestamp="25 Jun 2020 13:40:45 GMT" time="0.022" errors="0">
  <testcase name="useMath" time="0.022" classname="PracticeJava.Pollindrome"/>
  <testcase name="usingStr" classname="PracticeJava.Pollindrome">
    <skipped/>
  </testcase> <!-- usingStr -->
</testsuite> <!-- PracticeJava.Pollindrome -->
