<?xml version="1.0" encoding="UTF-8"?>
<!-- Generated by org.testng.reporters.JUnitReportReporter -->
<testsuite skipped="0" hostname="LAPTOP-7FV8CN9S" name="week5.day2dataprovider.CreateLeadUsingDataProvider" tests="2" failures="0" timestamp="14 Jul 2020 13:55:20 GMT" time="42.819" errors="0">
  <testcase name="runCreateLead" time="17.219" classname="week5.day2dataprovider.CreateLeadUsingDataProvider"/>
  <testcase name="runCreateLead" time="25.600" classname="week5.day2dataprovider.CreateLeadUsingDataProvider"/>
</testsuite> <!-- week5.day2dataprovider.CreateLeadUsingDataProvider -->
