<?xml version="1.0" encoding="UTF-8"?>
<!-- Generated by org.testng.reporters.JUnitReportReporter -->
<testsuite skipped="0" hostname="LAPTOP-7FV8CN9S" name="practiceselenium.WindowHandling" tests="1" failures="0" timestamp="12 Jul 2020 07:42:22 GMT" time="14.191" errors="0">
  <testcase name="f" time="14.191" classname="practiceselenium.WindowHandling"/>
</testsuite> <!-- practiceselenium.WindowHandling -->
