<?xml version="1.0" encoding="UTF-8"?>
<!-- Generated by org.testng.reporters.JUnitReportReporter -->
<testsuite skipped="0" hostname="Siku-PC" name="Practice.PrintOnlyUniqueCharacter" tests="2" failures="0" timestamp="04 Jul 2019 07:02:46 GMT" time="0.094" errors="0">
  <testcase name="usingEntry" time="0.012" classname="Practice.PrintOnlyUniqueCharacter"/>
  <testcase name="usingRemove" time="0.082" classname="Practice.PrintOnlyUniqueCharacter"/>
</testsuite> <!-- Practice.PrintOnlyUniqueCharacter -->
