<?xml version="1.0" encoding="UTF-8"?>
<!-- Generated by org.testng.reporters.JUnitReportReporter -->
<testsuite skipped="2" hostname="Siku-PC" name="Practice.SumOfDigits" tests="3" failures="0" timestamp="27 Jun 2019 15:44:08 GMT" time="0.014" errors="0">
  <testcase name="Pollindrome" time="0.014" classname="Practice.SumOfDigits"/>
  <testcase name="sumUsingStr" classname="Practice.SumOfDigits">
    <skipped/>
  </testcase> <!-- sumUsingStr -->
  <testcase name="sum" classname="Practice.SumOfDigits">
    <skipped/>
  </testcase> <!-- sum -->
</testsuite> <!-- Practice.SumOfDigits -->
