<?xml version="1.0" encoding="UTF-8"?>
<!-- Generated by org.testng.reporters.JUnitReportReporter -->
<testsuite skipped="2" hostname="LAPTOP-7FV8CN9S" name="PracticeJava.Intersection" tests="3" failures="0" timestamp="25 Jun 2020 18:18:37 GMT" time="0.011" errors="0">
  <testcase name="intersectionBetweenArrays1" time="0.011" classname="PracticeJava.Intersection"/>
  <testcase name="intersectionBetweenArrays" classname="PracticeJava.Intersection">
    <skipped/>
  </testcase> <!-- intersectionBetweenArrays -->
  <testcase name="intersectionUsingSet" classname="PracticeJava.Intersection">
    <skipped/>
  </testcase> <!-- intersectionUsingSet -->
</testsuite> <!-- PracticeJava.Intersection -->
