<?xml version="1.0" encoding="UTF-8"?>
<!-- Generated by org.testng.reporters.JUnitReportReporter -->
<testsuite skipped="0" hostname="Siku-PC" name="Practice.Intersection" tests="2" failures="0" timestamp="29 Jun 2019 11:54:10 GMT" time="0.016" errors="0">
  <testcase name="intersectionBetweenArrays" time="0.014" classname="Practice.Intersection"/>
  <testcase name="intersectionUsingSet" time="0.002" classname="Practice.Intersection"/>
</testsuite> <!-- Practice.Intersection -->
