<?xml version="1.0" encoding="UTF-8"?>
<!-- Generated by org.testng.reporters.JUnitReportReporter -->
<testsuite skipped="0" hostname="Siku-PC" name="week5.day2dataprovider.CreateLead" tests="2" failures="0" timestamp="02 Jun 2019 04:55:53 GMT" time="27.403" errors="0">
  <testcase name="runCreateLead" time="11.465" classname="week5.day2dataprovider.CreateLead"/>
  <testcase name="runCreateLead" time="15.938" classname="week5.day2dataprovider.CreateLead"/>
</testsuite> <!-- week5.day2dataprovider.CreateLead -->
