<?xml version="1.0" encoding="UTF-8"?>
<!-- Generated by org.testng.reporters.JUnitReportReporter -->
<testsuite skipped="0" hostname="LAPTOP-7FV8CN9S" name="practiceselenium.PdfPages" tests="1" failures="0" timestamp="12 Jul 2020 07:42:22 GMT" time="6.069" errors="0">
  <testcase name="testPdf" time="6.069" classname="practiceselenium.PdfPages"/>
</testsuite> <!-- practiceselenium.PdfPages -->
