<?xml version="1.0" encoding="UTF-8"?>
<!-- Generated by org.testng.reporters.JUnitReportReporter -->
<testsuite skipped="0" hostname="Siku-PC" name="PracticeJava.FibonacciSeries" tests="2" failures="0" timestamp="21 Jul 2019 17:46:33 GMT" time="0.018" errors="0">
  <testcase name="Series" time="0.015" classname="PracticeJava.FibonacciSeries"/>
  <testcase name="fibonacciSeries" time="0.003" classname="PracticeJava.FibonacciSeries"/>
</testsuite> <!-- PracticeJava.FibonacciSeries -->
