<?xml version="1.0" encoding="UTF-8"?>
<!-- Generated by org.testng.reporters.JUnitReportReporter -->
<testsuite skipped="1" hostname="Siku-PC" name="PracticeJava.PrintOnlyUniqueCharacter" tests="2" failures="0" timestamp="17 Jul 2019 07:10:35 GMT" time="0.017" errors="0">
  <testcase name="returnDuplicateNumbers" time="0.017" classname="PracticeJava.PrintOnlyUniqueCharacter"/>
  <testcase name="usingRemove" classname="PracticeJava.PrintOnlyUniqueCharacter">
    <skipped/>
  </testcase> <!-- usingRemove -->
</testsuite> <!-- PracticeJava.PrintOnlyUniqueCharacter -->
