<?xml version="1.0" encoding="UTF-8"?>
<!-- Generated by org.testng.reporters.JUnitReportReporter -->
<testsuite skipped="0" hostname="LAPTOP-7FV8CN9S" name="practiceselenium.GroupExecution" tests="2" failures="0" timestamp="16 Jul 2020 12:28:47 GMT" time="0.012" errors="0">
  <testcase name="Siku" time="0.008" classname="practiceselenium.GroupExecution"/>
  <testcase name="Commingbaby" time="0.004" classname="practiceselenium.GroupExecution"/>
</testsuite> <!-- practiceselenium.GroupExecution -->
