<?xml version="1.0" encoding="UTF-8"?>
<!-- Generated by org.testng.reporters.JUnitReportReporter -->
<testsuite skipped="0" hostname="LAPTOP-7FV8CN9S" name="practiceselenium.Prioritizing_Testcase" tests="4" failures="0" timestamp="12 Jul 2020 07:42:22 GMT" time="0.007" errors="0">
  <testcase name="Enoch" time="0.002" classname="practiceselenium.Prioritizing_Testcase"/>
  <testcase name="Siku" time="0.002" classname="practiceselenium.Prioritizing_Testcase"/>
  <testcase name="Rajeev" time="0.001" classname="practiceselenium.Prioritizing_Testcase"/>
  <testcase name="Commingbaby" time="0.002" classname="practiceselenium.Prioritizing_Testcase"/>
</testsuite> <!-- practiceselenium.Prioritizing_Testcase -->
