<?xml version="1.0" encoding="UTF-8"?>
<!-- Generated by org.testng.reporters.JUnitReportReporter -->
<testsuite skipped="0" hostname="Siku-PC" name="Practice.FlipkartProject" tests="1" failures="0" timestamp="23 Jun 2019 05:58:50 GMT" time="9.734" errors="0">
  <testcase name="test" time="9.734" classname="Practice.FlipkartProject"/>
</testsuite> <!-- Practice.FlipkartProject -->
